-------------------------------------------------------------------------------
Test set: com.bridgelabz.ZuulServerApplicationTests
-------------------------------------------------------------------------------
Tests run: 1, Failures: 0, Errors: 1, Skipped: 0, Time elapsed: 7.134 s <<< FAILURE! - in com.bridgelabz.ZuulServerApplicationTests
initializationError(com.bridgelabz.ZuulServerApplicationTests)  Time elapsed: 0.037 s  <<< ERROR!
java.lang.IllegalStateException: Unable to find a @SpringBootConfiguration, you need to use @ContextConfiguration or @SpringBootTest(classes=...) with your test

